[08-06 17:22:08]: [INFO] Created column 'regdate' and set the current timestamp, 1754526128197, to all 0 rows
[08-06 17:22:08]: [INFO] SQLite Setup finished
[08-06 17:22:08]: [INFO] No supported permissions system found! Permissions are disabled!
[08-06 17:22:08]: [WARN] WARNING! The protectInventory feature requires ProtocolLib! Disabling it...
[08-06 17:22:08]: [INFO] AuthMe 5.6.0 build n.CUSTOM successfully enabled!
[08-06 17:22:08]: [INFO] Downloading GEO IP database, because the old database is older than 30 days or doesn't exist
[08-06 17:22:08]: [WARN] No MaxMind credentials found in the configuration file! GeoIp protections will be disabled.
[08-06 17:22:08]: [INFO] There is no newer GEO IP database uploaded to MaxMind. Using the old one for now.
[08-06 17:22:08]: [WARN] Could not download GeoLiteAPI database [FileNotFoundException]: plugins/AuthMe/GeoLite2-Country.mmdb (No such file or directory)
[08-06 17:22:08]: java.io.FileNotFoundException: plugins/AuthMe/GeoLite2-Country.mmdb (No such file or directory)
	at java.base/java.io.RandomAccessFile.open0(Native Method)
	at java.base/java.io.RandomAccessFile.open(RandomAccessFile.java:356)
	at java.base/java.io.RandomAccessFile.<init>(RandomAccessFile.java:273)
	at java.base/java.io.RandomAccessFile.<init>(RandomAccessFile.java:223)
	at AuthMe.jar//fr.xephi.authme.libs.com.maxmind.db.BufferHolder.<init>(BufferHolder.java:20)
	at AuthMe.jar//fr.xephi.authme.libs.com.maxmind.db.Reader.<init>(Reader.java:121)
	at AuthMe.jar//fr.xephi.authme.service.GeoIpService.startReading(GeoIpService.java:179)
	at AuthMe.jar//fr.xephi.authme.service.GeoIpService.updateDatabase(GeoIpService.java:150)
	at org.bukkit.craftbukkit.scheduler.CraftTask.run(CraftTask.java:78)
	at org.bukkit.craftbukkit.scheduler.CraftAsyncTask.run(CraftAsyncTask.java:57)
	at com.destroystokyo.paper.ServerSchedulerReportingWrapper.run(ServerSchedulerReportingWrapper.java:22)
	at java.base/java.util.concurrent.ThreadPoolExecutor.runWorker(ThreadPoolExecutor.java:1144)
	at java.base/java.util.concurrent.ThreadPoolExecutor$Worker.run(ThreadPoolExecutor.java:642)
	at java.base/java.lang.Thread.run(Thread.java:1583)

[08-06 17:23:59]: [INFO] AuthMe 5.6.0-bCUSTOM disabled!
[08-06 17:27:46]: [INFO] SQLite Setup finished
[08-06 17:27:46]: [INFO] No supported permissions system found! Permissions are disabled!
[08-06 17:27:46]: [WARN] WARNING! The protectInventory feature requires ProtocolLib! Disabling it...
[08-06 17:27:46]: [INFO] AuthMe 5.6.0 build n.CUSTOM successfully enabled!
[08-06 17:27:47]: [INFO] Downloading GEO IP database, because the old database is older than 30 days or doesn't exist
[08-06 17:27:47]: [WARN] No MaxMind credentials found in the configuration file! GeoIp protections will be disabled.
[08-06 17:27:47]: [INFO] There is no newer GEO IP database uploaded to MaxMind. Using the old one for now.
[08-06 17:27:47]: [WARN] Could not download GeoLiteAPI database [FileNotFoundException]: plugins/AuthMe/GeoLite2-Country.mmdb (No such file or directory)
[08-06 17:27:47]: java.io.FileNotFoundException: plugins/AuthMe/GeoLite2-Country.mmdb (No such file or directory)
	at java.base/java.io.RandomAccessFile.open0(Native Method)
	at java.base/java.io.RandomAccessFile.open(RandomAccessFile.java:356)
	at java.base/java.io.RandomAccessFile.<init>(RandomAccessFile.java:273)
	at java.base/java.io.RandomAccessFile.<init>(RandomAccessFile.java:223)
	at AuthMe.jar//fr.xephi.authme.libs.com.maxmind.db.BufferHolder.<init>(BufferHolder.java:20)
	at AuthMe.jar//fr.xephi.authme.libs.com.maxmind.db.Reader.<init>(Reader.java:121)
	at AuthMe.jar//fr.xephi.authme.service.GeoIpService.startReading(GeoIpService.java:179)
	at AuthMe.jar//fr.xephi.authme.service.GeoIpService.updateDatabase(GeoIpService.java:150)
	at org.bukkit.craftbukkit.scheduler.CraftTask.run(CraftTask.java:78)
	at org.bukkit.craftbukkit.scheduler.CraftAsyncTask.run(CraftAsyncTask.java:57)
	at com.destroystokyo.paper.ServerSchedulerReportingWrapper.run(ServerSchedulerReportingWrapper.java:22)
	at java.base/java.util.concurrent.ThreadPoolExecutor.runWorker(ThreadPoolExecutor.java:1144)
	at java.base/java.util.concurrent.ThreadPoolExecutor$Worker.run(ThreadPoolExecutor.java:642)
	at java.base/java.lang.Thread.run(Thread.java:1583)

[08-06 17:30:56]: [FINE] thekylehuang registered 192.168.1.48
[08-06 17:30:56]: [FINE] thekylehuang logged in 192.168.1.48
[08-06 17:31:46]: [INFO] AuthMe 5.6.0-bCUSTOM disabled!
